=shared_test_secret_2026 : O termo '=shared_test_secret_2026' n∆o Ç reconhecido como nome de cmdlet, funá∆o, arquivo 
de script ou programa oper†vel. Verifique a grafia do nome ou, se um caminho tiver sido inclu°do, veja se o caminho 
est† correto e tente novamente.
No linha:1 caractere:1
+ ='shared_test_secret_2026'; ='3334'; ='http://localhost:18080'; ='fal ...
+ ~~~~~~~~~~~~~~~~~~~~~~~~~~
    + CategoryInfo          : ObjectNotFound: (=shared_test_secret_2026:String) [], CommandNotFoundException
    + FullyQualifiedErrorId : CommandNotFoundException
 
=3334 : O termo '=3334' n∆o Ç reconhecido como nome de cmdlet, funá∆o, arquivo de script ou programa oper†vel. 
Verifique a grafia do nome ou, se um caminho tiver sido inclu°do, veja se o caminho est† correto e tente novamente.
No linha:1 caractere:29
+ ='shared_test_secret_2026'; ='3334'; ='http://localhost:18080'; ='fal ...
+                             ~~~~~~~
    + CategoryInfo          : ObjectNotFound: (=3334:String) [], CommandNotFoundException
    + FullyQualifiedErrorId : CommandNotFoundException
 
=http://localhost:18080 : O termo '=http://localhost:18080' n∆o Ç reconhecido como nome de cmdlet, funá∆o, arquivo de 
script ou programa oper†vel. Verifique a grafia do nome ou, se um caminho tiver sido inclu°do, veja se o caminho est† 
correto e tente novamente.
No linha:1 caractere:38
+ ... 'shared_test_secret_2026'; ='3334'; ='http://localhost:18080'; ='fals ...
+                                         ~~~~~~~~~~~~~~~~~~~~~~~~~
    + CategoryInfo          : ObjectNotFound: (=http://localhost:18080:String) [], CommandNotFoundException
    + FullyQualifiedErrorId : CommandNotFoundException
 
=false : O termo '=false' n∆o Ç reconhecido como nome de cmdlet, funá∆o, arquivo de script ou programa oper†vel. 
Verifique a grafia do nome ou, se um caminho tiver sido inclu°do, veja se o caminho est† correto e tente novamente.
No linha:1 caractere:65
+ ... st_secret_2026'; ='3334'; ='http://localhost:18080'; ='false'; Set-Lo ...
+                                                          ~~~~~~~~
    + CategoryInfo          : ObjectNotFound: (=false:String) [], CommandNotFoundException
    + FullyQualifiedErrorId : CommandNotFoundException
 
npm : O arquivo C:\Program Files\nodejs\npm.ps1 n∆o pode ser carregado porque a execuá∆o de scripts foi desabilitada 
neste sistema. Para obter mais informaá‰es, consulte about_Execution_Policies em 
https://go.microsoft.com/fwlink/?LinkID=135170.
No linha:1 caractere:102
+ ... ://localhost:18080'; ='false'; Set-Location 'D:\backend'; npm run dev
+                                                               ~~~
    + CategoryInfo          : ErrodeSeguranáa: (:) [], PSSecurityException
    + FullyQualifiedErrorId : UnauthorizedAccess
